<?xml version="1.0" encoding="UTF-8"?>
<!-- Generated by org.testng.reporters.JUnitXMLReporter -->
<testsuite ignored="0" hostname="DESKTOP-LLLGMOJ" failures="0" tests="2" name="Edge(failed)" time="16.174" errors="0" timestamp="2025-04-26T07:14:11 IST">
  <testcase classname="day11.testngExample2.GoogleApplicationWithBeforeAfter" name="testVtigerHomePage" time="0.108"/>
  <testcase classname="day11.testngExample2.GoogleApplicationWithBeforeAfter" name="testReportsPage" time="1.393"/>
</testsuite> <!-- Edge(failed) -->
