<?xml version="1.0" encoding="UTF-8"?>
<!-- Generated by org.testng.reporters.JUnitXMLReporter -->
<testsuite ignored="0" hostname="DESKTOP-LLLGMOJ" failures="1" tests="2" name="Firefox(failed)" time="32.877" errors="0" timestamp="2025-04-26T07:14:06 IST">
  <testcase classname="day11.testngExample2.GoogleApplicationWithBeforeAfter" name="testVtigerHomePage" time="0.095"/>
  <testcase classname="day11.testngExample2.GoogleApplicationWithBeforeAfter" name="testReportsPage" time="7.225">
    <failure type="java.lang.AssertionError" message="Reports page not opened or its title got changed expected [Reports] but found [Dashboard]">
      <![CDATA[java.lang.AssertionError: Reports page not opened or its title got changed expected [Reports] but found [Dashboard]
at day11.testngExample2.GoogleApplicationWithBeforeAfter.testReportsPage(GoogleApplicationWithBeforeAfter.java:36)
at java.base/java.util.ArrayList.forEach(ArrayList.java:1511)
at java.base/java.util.concurrent.FutureTask.run(FutureTask.java:264)
at java.base/java.util.concurrent.ThreadPoolExecutor.runWorker(ThreadPoolExecutor.java:1136)
at java.base/java.util.concurrent.ThreadPoolExecutor$Worker.run(ThreadPoolExecutor.java:635)
at java.base/java.lang.Thread.run(Thread.java:833)
... Removed 22 stack frames]]>
    </failure>
  </testcase> <!-- testReportsPage -->
</testsuite> <!-- Firefox(failed) -->
