<?xml version="1.0" encoding="UTF-8"?>
<!-- Generated by org.testng.reporters.JUnitXMLReporter -->
<testsuite ignored="0" hostname="DESKTOP-LLLGMOJ" failures="0" tests="4" name="Testing Parameterization" time="16.701" errors="0" timestamp="2025-04-24T07:28:43 IST">
  <testcase classname="day11.advancetestng.Parameterization" name="testCaseOne" time="0.022"/>
  <testcase classname="day11.advancetestng.Parameterization" name="testCaseThree" time="0.005"/>
  <testcase classname="day11.advancetestng.Parameterization" name="testCaseTwo" time="0.018"/>
  <testcase classname="day11.advancetestng.Parameterization" name="testLoginOfVtiger" time="16.487"/>
</testsuite> <!-- Testing Parameterization -->
