<?xml version="1.0" encoding="UTF-8"?>
<testng-results ignored="0" total="1" passed="1" failed="0" skipped="0">
  <reporter-output>
  </reporter-output>
  <suite started-at="2025-04-20T15:55:16 IST" name="Default suite" finished-at="2025-04-20T15:55:17 IST" duration-ms="1160">
    <groups>
    </groups>
    <test started-at="2025-04-20T15:55:16 IST" name="Default test" finished-at="2025-04-20T15:55:17 IST" duration-ms="1160">
      <class name="day10.ddt.ExcelOperations">
        <test-method signature="performOperationOnCell()[pri:0, instance:day10.ddt.ExcelOperations@2d710f1a]" started-at="2025-04-20T15:55:16 IST" name="performOperationOnCell" finished-at="2025-04-20T15:55:17 IST" duration-ms="1065" status="PASS">
          <reporter-output>
          </reporter-output>
        </test-method> <!-- performOperationOnCell -->
      </class> <!-- day10.ddt.ExcelOperations -->
    </test> <!-- Default test -->
  </suite> <!-- Default suite -->
</testng-results>
