<?xml version="1.0" encoding="UTF-8"?>
<!-- Generated by org.testng.reporters.JUnitXMLReporter -->
<testsuite ignored="0" hostname="DESKTOP-LLLGMOJ" failures="0" tests="3" name="Default test" time="54.694" errors="0" timestamp="2025-04-29T07:14:28 IST">
  <testcase classname="orangeHrmTestScripts.TestPIM" name="testPIM_Creation" time="16.314"/>
  <testcase classname="orangeHrmTestScripts.TestPIM" name="testPIM_Update" time="0.002"/>
  <testcase classname="orangeHrmTestScripts.TestPIM" name="testPIM_Delete" time="12.524"/>
</testsuite> <!-- Default test -->
