<?xml version="1.0" encoding="UTF-8"?>
<!-- Generated by org.testng.reporters.JUnitXMLReporter -->
<testsuite ignored="0" hostname="DESKTOP-LLLGMOJ" failures="0" tests="2" name="Default test" time="18.502" errors="0" timestamp="2025-04-27T08:30:52 IST">
  <testcase classname="orangeHrmTestScripts.OrangeHrmLoginLogout" name="testLoginPage" time="0.046"/>
  <testcase classname="orangeHrmTestScripts.OrangeHrmLoginLogout" name="testLoginLougoutOfOrangeHrm" time="4.831"/>
</testsuite> <!-- Default test -->
