<?xml version="1.0" encoding="UTF-8" ?>
<testsuite tests="19" failures="2" name="TestSuite" time="29.764" errors="0" skipped="1">
  <properties>
[...]
</properties>
  <testcase classname="day11.testngExample2.Example3" name="testLoginOrangeHrm" time="1.036"/>
  <testcase classname="day11.testngExample2.Example3" name="testPIMUpdateOrangeHrm" time="0.011"/>
  <testcase classname="day11.testngExample2.Example3" name="testPIMDeleteOrangeHrm" time="0.001"/>
  <testcase classname="day11.testngExample2.Example3" name="testLogoutOrangeHrm" time="0"/>
  <testcase classname="day11.testngExample2.Example4" name="testLoginOrangeHrm" time="0"/>
  <testcase classname="day11.testngExample2.Example4" name="testPIMCreationOrangeHrm" time="0.006">
    <failure message="/ by zero" type="java.lang.ArithmeticException">java.lang.ArithmeticException: / by zero
	at day11.testngExample2.Example4.testPIMCreationOrangeHrm(Example4.java:13)
</failure>
    <system-out>Hello PIMCreation
</system-out>
  </testcase>
  <testcase classname="day11.testngExample2.Example4" name="testPIMDeleteOrangeHrm" time="0">
    <skipped/>
  </testcase>
  <testcase classname="day11.testngExample2.Example4" name="testLogoutOrangeHrm" time="0.001"/>
  <testcase classname="day11.testngExample2.Example02" name="TC2" time="0.001"/>
  <testcase classname="day11.testngExample2.Example02" name="TC3" time="0.002"/>
  <testcase classname="day11.testngExample2.Example5" name="testActitime" time="0"/>
  <testcase classname="day11.testngExample2.Example5" name="testOrangeHrm" time="0.001"/>
  <testcase classname="day11.testngExample2.OrangeHrmTest" name="testLoginWithAssert1" time="11.419">
    <failure message="Either application url got changed or login failed expected [true] but found [false]" type="java.lang.AssertionError">java.lang.AssertionError: Either application url got changed or login failed expected [true] but found [false]
	at org.testng.Assert.fail(Assert.java:111)
	at org.testng.Assert.failNotEquals(Assert.java:1578)
	at org.testng.Assert.assertTrue(Assert.java:57)
	at day11.testngExample2.OrangeHrmTest.testLoginWithAssert1(OrangeHrmTest.java:34)
</failure>
    <system-out>@@@@@@@@@@@@@@@ AfterMethod @@@@@@@@@@@@@@@@@@@@
#################AfterClass#######################
</system-out>
    <system-err>Apr 29, 2025 7:39:24 AM org.openqa.selenium.devtools.CdpVersionFinder findNearestMatch
WARNING: Unable to find CDP implementation matching 135
Apr 29, 2025 7:39:25 AM org.openqa.selenium.chromium.ChromiumDriver lambda$new$5
WARNING: Unable to find version of CDP to use for 135.0.7049.115. You may need to include a dependency on a specific version of the CDP using something similar to `org.seleniumhq.selenium:selenium-devtools-v86:4.16.1` where the version (&quot;v86&quot;) matches the version of the chromium-based browser you&apos;re using and the version number of the artifact is the same as Selenium&apos;s.
</system-err>
  </testcase>
  <testcase classname="day11.testngExample2.OrangeHrmTest" name="testLoginWithAssert2" time="8.744"/>
  <testcase classname="day11.testngExample2.OrangeHrmTest" name="testLoginWithAssert3" time="8.539"/>
  <testcase classname="day11.testngExample2.Example1" name="TC1" time="0.001"/>
  <testcase classname="day11.testngExample2.Example2" name="TC1" time="0"/>
  <testcase classname="day11.testngExample2.Example2" name="TC2" time="0.001"/>
  <testcase classname="day11.testngExample2.Example2" name="TC3" time="0.001"/>
</testsuite>