<?xml version="1.0" encoding="UTF-8"?>
<!-- Generated by org.testng.reporters.JUnitXMLReporter -->
<testsuite ignored="2" hostname="DESKTOP-LLLGMOJ" failures="2" tests="19" name="Test" time="29.998" errors="0" timestamp="2025-04-29T07:39:48 IST">
  <testcase classname="day11.testngExample2.Example3" name="testLoginOrangeHrm" time="1.028"/>
  <testcase classname="day11.testngExample2.Example3" name="testPIMUpdateOrangeHrm" time="0.001"/>
  <testcase classname="day11.testngExample2.Example3" name="testPIMDeleteOrangeHrm" time="0.0"/>
  <testcase classname="day11.testngExample2.Example3" name="testLogoutOrangeHrm" time="0.001"/>
  <testcase classname="day11.testngExample2.Example4" name="testLoginOrangeHrm" time="0.001"/>
  <testcase classname="day11.testngExample2.Example4" name="testPIMCreationOrangeHrm" time="0.001">
    <failure type="java.lang.ArithmeticException" message="/ by zero">
      <![CDATA[java.lang.ArithmeticException: / by zero
at day11.testngExample2.Example4.testPIMCreationOrangeHrm(Example4.java:13)
at java.base/java.util.ArrayList.forEach(ArrayList.java:1511)
... Removed 36 stack frames]]>
    </failure>
  </testcase> <!-- testPIMCreationOrangeHrm -->
  <testcase classname="day11.testngExample2.Example4" name="testPIMDeleteOrangeHrm" time="0.001">
    <skipped/>
  </testcase> <!-- testPIMDeleteOrangeHrm -->
  <testcase classname="day11.testngExample2.Example4" name="testLogoutOrangeHrm" time="0.002"/>
  <testcase classname="day11.testngExample2.Example02" name="TC2" time="0.0"/>
  <testcase classname="day11.testngExample2.Example02" name="TC3" time="0.004"/>
  <testcase classname="day11.testngExample2.Example5" name="testActitime" time="0.001"/>
  <testcase classname="day11.testngExample2.Example5" name="testOrangeHrm" time="0.002"/>
  <testcase classname="day11.testngExample2.OrangeHrmTest" name="testLoginWithAssert1" time="11.419">
    <failure type="java.lang.AssertionError" message="Either application url got changed or login failed expected [true] but found [false]">
      <![CDATA[java.lang.AssertionError: Either application url got changed or login failed expected [true] but found [false]
at day11.testngExample2.OrangeHrmTest.testLoginWithAssert1(OrangeHrmTest.java:34)
at java.base/java.util.ArrayList.forEach(ArrayList.java:1511)
... Removed 39 stack frames]]>
    </failure>
  </testcase> <!-- testLoginWithAssert1 -->
  <testcase classname="day11.testngExample2.OrangeHrmTest" name="testLoginWithAssert2" time="8.745"/>
  <testcase classname="day11.testngExample2.OrangeHrmTest" name="testLoginWithAssert3" time="8.538"/>
  <testcase classname="day11.testngExample2.Example1" name="TC1" time="0.0"/>
  <testcase classname="day11.testngExample2.Example2" name="TC1" time="0.001"/>
  <testcase classname="day11.testngExample2.Example2" name="TC2" time="0.0"/>
  <testcase classname="day11.testngExample2.Example2" name="TC3" time="0.001"/>
  <testcase classname="day11.testngExample2.Example3" name="testPIMCreationOrangeHrm" time="0.0">
    <ignored/>
  </testcase> <!-- testPIMCreationOrangeHrm -->
  <testcase classname="day11.testngExample2.OrangeHrmTest" name="testLoginWithOutAssert" time="0.0">
    <ignored/>
  </testcase> <!-- testLoginWithOutAssert -->
</testsuite> <!-- Test -->
