<?xml version="1.0" encoding="UTF-8"?>
<!-- Generated by org.testng.reporters.JUnitXMLReporter -->
<testsuite ignored="4" hostname="DESKTOP-LLLGMOJ" failures="0" tests="6" name="testing" time="0.252" errors="0" timestamp="2025-04-24T07:23:12 IST">
  <testcase classname="day11.advancetestng.GroupExamples" name="testCaseFour" time="0.027"/>
  <testcase classname="day11.advancetestng.GroupExamples" name="testCaseOne" time="0.002"/>
  <testcase classname="day11.advancetestng.GroupExamples" name="testCaseTwo" time="0.007"/>
  <testcase classname="day11.advancetestng.GroupExamples2" name="testLeads" time="0.011"/>
  <testcase classname="day11.advancetestng.GroupExamples2" name="testLogin" time="0.016"/>
  <testcase classname="day11.advancetestng.GroupExamples2" name="testSignIn" time="0.007"/>
  <testcase classname="day11.advancetestng.GroupExamples" name="testCaseFive" time="0.0">
    <ignored/>
  </testcase> <!-- testCaseFive -->
  <testcase classname="day11.advancetestng.GroupExamples2" name="testPIM" time="0.0">
    <ignored/>
  </testcase> <!-- testPIM -->
  <testcase classname="day11.advancetestng.GroupExamples2" name="testTask" time="0.0">
    <ignored/>
  </testcase> <!-- testTask -->
  <testcase classname="day11.advancetestng.GroupExamples" name="testCaseThree" time="0.0">
    <ignored/>
  </testcase> <!-- testCaseThree -->
</testsuite> <!-- testing -->
