<html>
<head>
<title>TestNG:  Test</title>
<link href="../testng.css" rel="stylesheet" type="text/css" />
<link href="../my-testng.css" rel="stylesheet" type="text/css" />

<style type="text/css">
.log { display: none;} 
.stack-trace { display: none;} 
</style>
<script type="text/javascript">
<!--
function flip(e) {
  current = e.style.display;
  if (current == 'block') {
    e.style.display = 'none';
    return 0;
  }
  else {
    e.style.display = 'block';
    return 1;
  }
}

function toggleBox(szDivId, elem, msg1, msg2)
{
  var res = -1;  if (document.getElementById) {
    res = flip(document.getElementById(szDivId));
  }
  else if (document.all) {
    // this is the way old msie versions work
    res = flip(document.all[szDivId]);
  }
  if(elem) {
    if(res == 0) elem.innerHTML = msg1; else elem.innerHTML = msg2;
  }

}

function toggleAllBoxes() {
  if (document.getElementsByTagName) {
    d = document.getElementsByTagName('div');
    for (i = 0; i < d.length; i++) {
      if (d[i].className == 'log') {
        flip(d[i]);
      }
    }
  }
}

// -->
</script>

</head>
<body>
<h2 align='center'>Test</h2><table border='1' align="center">
<tr>
<td>Tests passed/Failed/Skipped:</td><td>16/2/1</td>
</tr><tr>
<td>Started on:</td><td>Sun Apr 20 15:31:51 IST 2025</td>
</tr>
<tr><td>Total time:</td><td>27 seconds (27676 ms)</td>
</tr><tr>
<td>Included groups:</td><td></td>
</tr><tr>
<td>Excluded groups:</td><td></td>
</tr>
</table><p/>
<small><i>(Hover the method name to see the test class name)</i></small><p/>
<table width='100%' border='1' class='invocation-failed'>
<tr><td colspan='4' align='center'><b>FAILED TESTS</b></td></tr>
<tr><td><b>Test method</b></td>
<td><b>Attribute(s)</b></td>
<td width="30%"><b>Exception</b></td>
<td width="10%"><b>Time (seconds)</b></td>
<td><b>Instance</b></td>
</tr>
<tr>
<td title='day11.testngExample2.Example4.testPIMCreationOrangeHrm()'><b>testPIMCreationOrangeHrm</b><br>Test class: day11.testngExample2.Example4</td>
<td><div><pre>java.lang.ArithmeticException: / by zero
	at day11.testngExample2.Example4.testPIMCreationOrangeHrm(Example4.java:13)
	at java.base/java.util.ArrayList.forEach(ArrayList.java:1511)
... Removed 27 stack frames</pre></div><a href='#' onClick='toggleBox("stack-trace2103569237", this, "Click to show all stack frames", "Click to hide stack frames")'>Click to show all stack frames</a>
<div class='stack-trace' id='stack-trace2103569237'><pre>java.lang.ArithmeticException: / by zero
	at day11.testngExample2.Example4.testPIMCreationOrangeHrm(Example4.java:13)
	at java.base/jdk.internal.reflect.NativeMethodAccessorImpl.invoke0(Native Method)
	at java.base/jdk.internal.reflect.NativeMethodAccessorImpl.invoke(NativeMethodAccessorImpl.java:77)
	at java.base/jdk.internal.reflect.DelegatingMethodAccessorImpl.invoke(DelegatingMethodAccessorImpl.java:43)
	at java.base/java.lang.reflect.Method.invoke(Method.java:568)
	at org.testng.internal.invokers.MethodInvocationHelper.invokeMethod(MethodInvocationHelper.java:139)
	at org.testng.internal.invokers.TestInvoker.invokeMethod(TestInvoker.java:664)
	at org.testng.internal.invokers.TestInvoker.invokeTestMethod(TestInvoker.java:227)
	at org.testng.internal.invokers.MethodRunner.runInSequence(MethodRunner.java:50)
	at org.testng.internal.invokers.TestInvoker$MethodInvocationAgent.invoke(TestInvoker.java:957)
	at org.testng.internal.invokers.TestInvoker.invokeTestMethods(TestInvoker.java:200)
	at org.testng.internal.invokers.TestMethodWorker.invokeTestMethods(TestMethodWorker.java:148)
	at org.testng.internal.invokers.TestMethodWorker.run(TestMethodWorker.java:128)
	at java.base/java.util.ArrayList.forEach(ArrayList.java:1511)
	at org.testng.TestRunner.privateRun(TestRunner.java:848)
	at org.testng.TestRunner.run(TestRunner.java:621)
	at org.testng.SuiteRunner.runTest(SuiteRunner.java:443)
	at org.testng.SuiteRunner.runSequentially(SuiteRunner.java:437)
	at org.testng.SuiteRunner.privateRun(SuiteRunner.java:397)
	at org.testng.SuiteRunner.run(SuiteRunner.java:336)
	at org.testng.SuiteRunnerWorker.runSuite(SuiteRunnerWorker.java:52)
	at org.testng.SuiteRunnerWorker.run(SuiteRunnerWorker.java:95)
	at org.testng.TestNG.runSuitesSequentially(TestNG.java:1280)
	at org.testng.TestNG.runSuitesLocally(TestNG.java:1200)
	at org.testng.TestNG.runSuites(TestNG.java:1114)
	at org.testng.TestNG.run(TestNG.java:1082)
	at org.testng.remote.AbstractRemoteTestNG.run(AbstractRemoteTestNG.java:115)
	at org.testng.remote.RemoteTestNG.initAndRun(RemoteTestNG.java:251)
	at org.testng.remote.RemoteTestNG.main(RemoteTestNG.java:77)
</pre></div></td>
<td>0</td>
<td>day11.testngExample2.Example4@3646a422</td></tr>
<tr>
<td title='day11.testngExample2.OrangeHrmTest.testLoginWithAssert1()'><b>testLoginWithAssert1</b><br>Test class: day11.testngExample2.OrangeHrmTest</td>
<td><div><pre>java.lang.AssertionError: Either application url got changed or login failed expected [true] but found [false]
	at day11.testngExample2.OrangeHrmTest.testLoginWithAssert1(OrangeHrmTest.java:34)
	at java.base/java.util.ArrayList.forEach(ArrayList.java:1511)
... Removed 30 stack frames</pre></div><a href='#' onClick='toggleBox("stack-trace1031586763", this, "Click to show all stack frames", "Click to hide stack frames")'>Click to show all stack frames</a>
<div class='stack-trace' id='stack-trace1031586763'><pre>java.lang.AssertionError: Either application url got changed or login failed expected [true] but found [false]
	at org.testng.Assert.fail(Assert.java:111)
	at org.testng.Assert.failNotEquals(Assert.java:1578)
	at org.testng.Assert.assertTrue(Assert.java:57)
	at day11.testngExample2.OrangeHrmTest.testLoginWithAssert1(OrangeHrmTest.java:34)
	at java.base/jdk.internal.reflect.NativeMethodAccessorImpl.invoke0(Native Method)
	at java.base/jdk.internal.reflect.NativeMethodAccessorImpl.invoke(NativeMethodAccessorImpl.java:77)
	at java.base/jdk.internal.reflect.DelegatingMethodAccessorImpl.invoke(DelegatingMethodAccessorImpl.java:43)
	at java.base/java.lang.reflect.Method.invoke(Method.java:568)
	at org.testng.internal.invokers.MethodInvocationHelper.invokeMethod(MethodInvocationHelper.java:139)
	at org.testng.internal.invokers.TestInvoker.invokeMethod(TestInvoker.java:664)
	at org.testng.internal.invokers.TestInvoker.invokeTestMethod(TestInvoker.java:227)
	at org.testng.internal.invokers.MethodRunner.runInSequence(MethodRunner.java:50)
	at org.testng.internal.invokers.TestInvoker$MethodInvocationAgent.invoke(TestInvoker.java:957)
	at org.testng.internal.invokers.TestInvoker.invokeTestMethods(TestInvoker.java:200)
	at org.testng.internal.invokers.TestMethodWorker.invokeTestMethods(TestMethodWorker.java:148)
	at org.testng.internal.invokers.TestMethodWorker.run(TestMethodWorker.java:128)
	at java.base/java.util.ArrayList.forEach(ArrayList.java:1511)
	at org.testng.TestRunner.privateRun(TestRunner.java:848)
	at org.testng.TestRunner.run(TestRunner.java:621)
	at org.testng.SuiteRunner.runTest(SuiteRunner.java:443)
	at org.testng.SuiteRunner.runSequentially(SuiteRunner.java:437)
	at org.testng.SuiteRunner.privateRun(SuiteRunner.java:397)
	at org.testng.SuiteRunner.run(SuiteRunner.java:336)
	at org.testng.SuiteRunnerWorker.runSuite(SuiteRunnerWorker.java:52)
	at org.testng.SuiteRunnerWorker.run(SuiteRunnerWorker.java:95)
	at org.testng.TestNG.runSuitesSequentially(TestNG.java:1280)
	at org.testng.TestNG.runSuitesLocally(TestNG.java:1200)
	at org.testng.TestNG.runSuites(TestNG.java:1114)
	at org.testng.TestNG.run(TestNG.java:1082)
	at org.testng.remote.AbstractRemoteTestNG.run(AbstractRemoteTestNG.java:115)
	at org.testng.remote.RemoteTestNG.initAndRun(RemoteTestNG.java:251)
	at org.testng.remote.RemoteTestNG.main(RemoteTestNG.java:77)
</pre></div></td>
<td>9</td>
<td>day11.testngExample2.OrangeHrmTest@1ca3b418</td></tr>
</table><p>
<table width='100%' border='1' class='invocation-passed'>
<tr><td colspan='4' align='center'><b>PASSED TESTS</b></td></tr>
<tr><td><b>Test method</b></td>
<td><b>Attribute(s)</b></td>
<td width="30%"><b>Exception</b></td>
<td width="10%"><b>Time (seconds)</b></td>
<td><b>Instance</b></td>
</tr>
<tr>
<td title='day11.testngExample2.Example1.TC1()'><b>TC1</b><br>Test class: day11.testngExample2.Example1</td>
<td></td>
<td>0</td>
<td>day11.testngExample2.Example1@58cbafc2</td></tr>
<tr>
<td title='day11.testngExample2.Example2.TC2()'><b>TC2</b><br>Test class: day11.testngExample2.Example2</td>
<td></td>
<td>0</td>
<td>day11.testngExample2.Example2@2034b64c</td></tr>
<tr>
<td title='day11.testngExample2.Example3.testPIMDeleteOrangeHrm()'><b>testPIMDeleteOrangeHrm</b><br>Test class: day11.testngExample2.Example3</td>
<td></td>
<td>0</td>
<td>day11.testngExample2.Example3@f09733f</td></tr>
<tr>
<td title='day11.testngExample2.Example5.testActitime()'><b>testActitime</b><br>Test class: day11.testngExample2.Example5</td>
<td></td>
<td>0</td>
<td>day11.testngExample2.Example5@54422e18</td></tr>
<tr>
<td title='day11.testngExample2.Example3.testLoginOrangeHrm()'><b>testLoginOrangeHrm</b><br>Test class: day11.testngExample2.Example3<br>Test method: Used already have valid test data for login</td>
<td></td>
<td>1</td>
<td>day11.testngExample2.Example3@f09733f</td></tr>
<tr>
<td title='day11.testngExample2.Example3.testLogoutOrangeHrm()'><b>testLogoutOrangeHrm</b><br>Test class: day11.testngExample2.Example3</td>
<td></td>
<td>0</td>
<td>day11.testngExample2.Example3@f09733f</td></tr>
<tr>
<td title='day11.testngExample2.Example02.TC2()'><b>TC2</b><br>Test class: day11.testngExample2.Example02</td>
<td></td>
<td>0</td>
<td>day11.testngExample2.Example02@750e2b97</td></tr>
<tr>
<td title='day11.testngExample2.Example4.testLoginOrangeHrm()'><b>testLoginOrangeHrm</b><br>Test class: day11.testngExample2.Example4</td>
<td></td>
<td>0</td>
<td>day11.testngExample2.Example4@3646a422</td></tr>
<tr>
<td title='day11.testngExample2.Example2.TC1()'><b>TC1</b><br>Test class: day11.testngExample2.Example2</td>
<td></td>
<td>0</td>
<td>day11.testngExample2.Example2@2034b64c</td></tr>
<tr>
<td title='day11.testngExample2.OrangeHrmTest.testLoginWithAssert2()'><b>testLoginWithAssert2</b><br>Test class: day11.testngExample2.OrangeHrmTest</td>
<td></td>
<td>9</td>
<td>day11.testngExample2.OrangeHrmTest@1ca3b418</td></tr>
<tr>
<td title='day11.testngExample2.OrangeHrmTest.testLoginWithAssert3()'><b>testLoginWithAssert3</b><br>Test class: day11.testngExample2.OrangeHrmTest</td>
<td></td>
<td>7</td>
<td>day11.testngExample2.OrangeHrmTest@1ca3b418</td></tr>
<tr>
<td title='day11.testngExample2.Example2.TC3()'><b>TC3</b><br>Test class: day11.testngExample2.Example2</td>
<td></td>
<td>0</td>
<td>day11.testngExample2.Example2@2034b64c</td></tr>
<tr>
<td title='day11.testngExample2.Example02.TC3()'><b>TC3</b><br>Test class: day11.testngExample2.Example02</td>
<td></td>
<td>0</td>
<td>day11.testngExample2.Example02@750e2b97</td></tr>
<tr>
<td title='day11.testngExample2.Example3.testPIMUpdateOrangeHrm()'><b>testPIMUpdateOrangeHrm</b><br>Test class: day11.testngExample2.Example3</td>
<td><div><pre>java.lang.ArithmeticException: / by zero
	at day11.testngExample2.Example3.testPIMUpdateOrangeHrm(Example3.java:19)
	at java.base/java.util.ArrayList.forEach(ArrayList.java:1511)
... Removed 27 stack frames</pre></div><a href='#' onClick='toggleBox("stack-trace1991278377", this, "Click to show all stack frames", "Click to hide stack frames")'>Click to show all stack frames</a>
<div class='stack-trace' id='stack-trace1991278377'><pre>java.lang.ArithmeticException: / by zero
	at day11.testngExample2.Example3.testPIMUpdateOrangeHrm(Example3.java:19)
	at java.base/jdk.internal.reflect.NativeMethodAccessorImpl.invoke0(Native Method)
	at java.base/jdk.internal.reflect.NativeMethodAccessorImpl.invoke(NativeMethodAccessorImpl.java:77)
	at java.base/jdk.internal.reflect.DelegatingMethodAccessorImpl.invoke(DelegatingMethodAccessorImpl.java:43)
	at java.base/java.lang.reflect.Method.invoke(Method.java:568)
	at org.testng.internal.invokers.MethodInvocationHelper.invokeMethod(MethodInvocationHelper.java:139)
	at org.testng.internal.invokers.TestInvoker.invokeMethod(TestInvoker.java:664)
	at org.testng.internal.invokers.TestInvoker.invokeTestMethod(TestInvoker.java:227)
	at org.testng.internal.invokers.MethodRunner.runInSequence(MethodRunner.java:50)
	at org.testng.internal.invokers.TestInvoker$MethodInvocationAgent.invoke(TestInvoker.java:957)
	at org.testng.internal.invokers.TestInvoker.invokeTestMethods(TestInvoker.java:200)
	at org.testng.internal.invokers.TestMethodWorker.invokeTestMethods(TestMethodWorker.java:148)
	at org.testng.internal.invokers.TestMethodWorker.run(TestMethodWorker.java:128)
	at java.base/java.util.ArrayList.forEach(ArrayList.java:1511)
	at org.testng.TestRunner.privateRun(TestRunner.java:848)
	at org.testng.TestRunner.run(TestRunner.java:621)
	at org.testng.SuiteRunner.runTest(SuiteRunner.java:443)
	at org.testng.SuiteRunner.runSequentially(SuiteRunner.java:437)
	at org.testng.SuiteRunner.privateRun(SuiteRunner.java:397)
	at org.testng.SuiteRunner.run(SuiteRunner.java:336)
	at org.testng.SuiteRunnerWorker.runSuite(SuiteRunnerWorker.java:52)
	at org.testng.SuiteRunnerWorker.run(SuiteRunnerWorker.java:95)
	at org.testng.TestNG.runSuitesSequentially(TestNG.java:1280)
	at org.testng.TestNG.runSuitesLocally(TestNG.java:1200)
	at org.testng.TestNG.runSuites(TestNG.java:1114)
	at org.testng.TestNG.run(TestNG.java:1082)
	at org.testng.remote.AbstractRemoteTestNG.run(AbstractRemoteTestNG.java:115)
	at org.testng.remote.RemoteTestNG.initAndRun(RemoteTestNG.java:251)
	at org.testng.remote.RemoteTestNG.main(RemoteTestNG.java:77)
</pre></div></td>
<td>0</td>
<td>day11.testngExample2.Example3@f09733f</td></tr>
<tr>
<td title='day11.testngExample2.Example5.testOrangeHrm()'><b>testOrangeHrm</b><br>Test class: day11.testngExample2.Example5</td>
<td></td>
<td>0</td>
<td>day11.testngExample2.Example5@54422e18</td></tr>
<tr>
<td title='day11.testngExample2.Example4.testLogoutOrangeHrm()'><b>testLogoutOrangeHrm</b><br>Test class: day11.testngExample2.Example4</td>
<td></td>
<td>0</td>
<td>day11.testngExample2.Example4@3646a422</td></tr>
</table><p>
<table width='100%' border='1' class='invocation-skipped'>
<tr><td colspan='4' align='center'><b>SKIPPED TESTS</b></td></tr>
<tr><td><b>Test method</b></td>
<td><b>Attribute(s)</b></td>
<td width="30%"><b>Exception</b></td>
<td width="10%"><b>Time (seconds)</b></td>
<td><b>Instance</b></td>
</tr>
<tr>
<td title='day11.testngExample2.Example4.testPIMDeleteOrangeHrm()'><b>testPIMDeleteOrangeHrm</b><br>Test class: day11.testngExample2.Example4</td>
<td><div><pre>java.lang.Throwable: Method day11.testngExample2.Example4.testPIMDeleteOrangeHrm() on instance day11.testngExample2.Example4@3646a422 depends on not successfully finished methods 
[day11.testngExample2.Example4.testPIMCreationOrangeHrm() on instance day11.testngExample2.Example4@3646a422]
	at java.base/java.util.ArrayList.forEach(ArrayList.java:1511)
... Removed 18 stack frames</pre></div><a href='#' onClick='toggleBox("stack-trace1670313965", this, "Click to show all stack frames", "Click to hide stack frames")'>Click to show all stack frames</a>
<div class='stack-trace' id='stack-trace1670313965'><pre>java.lang.Throwable: Method day11.testngExample2.Example4.testPIMDeleteOrangeHrm() on instance day11.testngExample2.Example4@3646a422 depends on not successfully finished methods 
[day11.testngExample2.Example4.testPIMCreationOrangeHrm() on instance day11.testngExample2.Example4@3646a422]
	at org.testng.internal.invokers.TestInvoker.invokeTestMethods(TestInvoker.java:156)
	at org.testng.internal.invokers.TestMethodWorker.invokeTestMethods(TestMethodWorker.java:148)
	at org.testng.internal.invokers.TestMethodWorker.run(TestMethodWorker.java:128)
	at java.base/java.util.ArrayList.forEach(ArrayList.java:1511)
	at org.testng.TestRunner.privateRun(TestRunner.java:848)
	at org.testng.TestRunner.run(TestRunner.java:621)
	at org.testng.SuiteRunner.runTest(SuiteRunner.java:443)
	at org.testng.SuiteRunner.runSequentially(SuiteRunner.java:437)
	at org.testng.SuiteRunner.privateRun(SuiteRunner.java:397)
	at org.testng.SuiteRunner.run(SuiteRunner.java:336)
	at org.testng.SuiteRunnerWorker.runSuite(SuiteRunnerWorker.java:52)
	at org.testng.SuiteRunnerWorker.run(SuiteRunnerWorker.java:95)
	at org.testng.TestNG.runSuitesSequentially(TestNG.java:1280)
	at org.testng.TestNG.runSuitesLocally(TestNG.java:1200)
	at org.testng.TestNG.runSuites(TestNG.java:1114)
	at org.testng.TestNG.run(TestNG.java:1082)
	at org.testng.remote.AbstractRemoteTestNG.run(AbstractRemoteTestNG.java:115)
	at org.testng.remote.RemoteTestNG.initAndRun(RemoteTestNG.java:251)
	at org.testng.remote.RemoteTestNG.main(RemoteTestNG.java:77)
</pre></div></td>
<td>0</td>
<td>day11.testngExample2.Example4@3646a422</td></tr>
</table><p>
</body>
</html>